\BOOKMARK [-1][-]{part.1}{\376\377\000I\000\040\000E\000t\000a\000t\000\040\000d\000e\000\040\000l\000'\000a\000r\000t}{}% 1
\BOOKMARK [0][-]{chapter.1}{\376\377\000B\000i\000g\000\040\000D\000a\000t\000a}{part.1}% 2
\BOOKMARK [1][-]{section.1.1}{\376\377\000H\000i\000s\000t\000o\000r\000i\000q\000u\000e\000\040\000e\000t\000\040\000q\000u\000e\000l\000q\000u\000e\000s\000\040\000s\000t\000a\000t\000i\000s\000t\000i\000q\000u\000e\000s\000\040\000s\000u\000r\000\040\000l\000e\000\040\000B\000i\000g\000\040\000D\000a\000t\000a\000\040\000:\000\040}{chapter.1}% 3
\BOOKMARK [1][-]{section.1.2}{\376\377\000D\000\351\000f\000i\000n\000i\000t\000i\000o\000n\000s\000\040\000:\000\040}{chapter.1}% 4
\BOOKMARK [1][-]{section.1.3}{\376\377\000I\000n\000t\000\351\000r\000\352\000t\000s\000\040\000d\000u\000\040\000B\000i\000g\000-\000D\000a\000t\000a\000\040\000:}{chapter.1}% 5
\BOOKMARK [1][-]{section.1.4}{\376\377\000L\000e\000s\000\040\000c\000o\000n\000t\000r\000a\000i\000n\000t\000e\000s\000\040\000d\000u\000\040\000B\000i\000g\000\040\000D\000a\000t\000a\000\040\000:}{chapter.1}% 6
\BOOKMARK [1][-]{section.1.5}{\376\377\000C\000a\000r\000a\000c\000t\000\351\000r\000i\000s\000t\000i\000q\000u\000e\000s\000\040\000d\000e\000s\000\040\000s\000y\000s\000t\000\350\000m\000e\000s\000\040\000B\000i\000g\000\040\000D\000a\000t\000a\000:}{chapter.1}% 7
\BOOKMARK [2][-]{subsection.1.5.1}{\376\377\000L\000e\000\040\000V\000o\000l\000u\000m\000e\000:}{section.1.5}% 8
\BOOKMARK [2][-]{subsection.1.5.2}{\376\377\000L\000a\000\040\000V\000a\000r\000i\000\351\000t\000\351\000:}{section.1.5}% 9
\BOOKMARK [2][-]{subsection.1.5.3}{\376\377\000L\000a\000\040\000v\000\351\000l\000o\000c\000i\000t\000\351\000:}{section.1.5}% 10
\BOOKMARK [2][-]{subsection.1.5.4}{\376\377\000L\000a\000\040\000V\000\351\000r\000a\000c\000i\000t\000\351\000:}{section.1.5}% 11
\BOOKMARK [2][-]{subsection.1.5.5}{\376\377\000L\000a\000\040\000V\000a\000l\000e\000u\000r\000:}{section.1.5}% 12
\BOOKMARK [2][-]{subsection.1.5.6}{\376\377\000L\000a\000\040\000V\000a\000r\000i\000a\000b\000i\000l\000i\000t\000\351\000:}{section.1.5}% 13
\BOOKMARK [2][-]{subsection.1.5.7}{\376\377\000L\000a\000\040\000V\000a\000l\000i\000d\000i\000t\000\351\000:}{section.1.5}% 14
\BOOKMARK [2][-]{subsection.1.5.8}{\376\377\000L\000a\000\040\000V\000o\000l\000a\000t\000i\000l\000i\000t\000\351\000:}{section.1.5}% 15
\BOOKMARK [2][-]{subsection.1.5.9}{\376\377\000L\000a\000\040\000V\000i\000s\000u\000a\000l\000i\000s\000a\000t\000i\000o\000n\000:}{section.1.5}% 16
\BOOKMARK [2][-]{subsection.1.5.10}{\376\377\000L\000a\000\040\000V\000u\000l\000n\000\351\000r\000a\000b\000i\000l\000i\000t\000\351\000:}{section.1.5}% 17
\BOOKMARK [1][-]{section.1.6}{\376\377\000C\000h\000o\000s\000e\000s\000\040\000q\000u\000i\000\040\000v\000i\000e\000n\000n\000e\000n\000t\000\040\000d\000u\000\040\000B\000i\000g\000\040\000D\000a\000t\000a\000\040\000\050\000E\000x\000e\000m\000p\000l\000e\000s\000\040\000d\000u\000\040\000B\000i\000g\000\040\000D\000a\000t\000a\000\051\000:}{chapter.1}% 18
\BOOKMARK [1][-]{section.1.7}{\376\377\000L\000e\000s\000\040\000s\000o\000u\000r\000c\000e\000s\000\040\000d\000u\000\040\000B\000i\000g\000\040\000D\000a\000t\000a\000\040\000:}{chapter.1}% 19
\BOOKMARK [1][-]{section.1.8}{\376\377\000L\000e\000s\000\040\000m\000\351\000t\000i\000e\000r\000s\000\040\000d\000u\000\040\000B\000i\000g\000\040\000D\000a\000t\000a\000:}{chapter.1}% 20
\BOOKMARK [2][-]{subsection.1.8.1}{\376\377\000L\000E\000\040\000C\000H\000I\000E\000F\000\040\000D\000A\000T\000A\000\040\000O\000F\000F\000I\000C\000E\000R}{section.1.8}% 21
\BOOKMARK [2][-]{subsection.1.8.2}{\376\377\000L\000E\000\040\000D\000A\000T\000A\000\040\000E\000N\000G\000I\000N\000E\000E\000R}{section.1.8}% 22
\BOOKMARK [2][-]{subsection.1.8.3}{\376\377\000L\000E\000\040\000D\000A\000T\000A\000\040\000S\000C\000I\000E\000N\000T\000I\000S\000T}{section.1.8}% 23
\BOOKMARK [2][-]{subsection.1.8.4}{\376\377\000L\040\031\000A\000R\000C\000H\000I\000T\000E\000C\000T\000E\000\040\000B\000I\000G\000\040\000D\000A\000T\000A}{section.1.8}% 24
\BOOKMARK [2][-]{subsection.1.8.5}{\376\377\000L\000E\000\040\000D\000\311\000V\000E\000L\000O\000P\000P\000E\000U\000R\000\040\000B\000I\000G\000\040\000D\000A\000T\000A}{section.1.8}% 25
\BOOKMARK [2][-]{subsection.1.8.6}{\376\377\000L\000E\000\040\000G\000R\000O\000W\000T\000H\000\040\000H\000A\000C\000K\000E\000R}{section.1.8}% 26
\BOOKMARK [2][-]{subsection.1.8.7}{\376\377\000L\000E\000\040\000D\000A\000T\000A\000\040\000M\000I\000N\000E\000R}{section.1.8}% 27
\BOOKMARK [2][-]{subsection.1.8.8}{\376\377\000L\000'\000A\000D\000M\000I\000N\000I\000S\000T\000R\000A\000T\000E\000U\000R\000\040\000B\000I\000G\000\040\000D\000A\000T\000A}{section.1.8}% 28
\BOOKMARK [1][-]{section.1.9}{\376\377\000L\000e\000s\000\040\000t\000e\000c\000h\000n\000o\000l\000o\000g\000i\000e\000s\000\040\000d\000u\000\040\000B\000i\000g\000\040\000D\000a\000t\000a\000:}{chapter.1}% 29
\BOOKMARK [2][-]{subsection.1.9.1}{\376\377\000L\000e\000s\000\040\000i\000n\000f\000r\000a\000s\000t\000r\000u\000c\000t\000u\000r\000e\000s\000\040\000:}{section.1.9}% 30
\BOOKMARK [2][-]{subsection.1.9.2}{\376\377\000L\000e\000s\000\040\000t\000e\000c\000h\000n\000o\000l\000o\000g\000i\000e\000s\000\040\000d\000e\000\040\000t\000r\000a\000i\000t\000e\000m\000e\000n\000t\000s\000\040\000:}{section.1.9}% 31
\BOOKMARK [2][-]{subsection.1.9.3}{\376\377\000L\000e\000s\000\040\000t\000e\000c\000h\000n\000o\000l\000o\000g\000i\000e\000s\000\040\000d\000e\000\040\000s\000t\000o\000c\000k\000a\000g\000e\000\040\000:}{section.1.9}% 32
\BOOKMARK [1][-]{section.1.10}{\376\377\000C\000h\000a\000l\000l\000e\000n\000g\000e\000\040\000e\000t\000\040\000f\000u\000t\000u\000r\000e\000\040\000d\000u\000\040\000B\000i\000g\000\040\000D\000a\000t\000a\000:}{chapter.1}% 33
\BOOKMARK [2][-]{subsection.1.10.1}{\376\377\000L\000e\000s\000\040\000c\000h\000a\000l\000l\000e\000n\000g\000e}{section.1.10}% 34
\BOOKMARK [2][-]{subsection.1.10.2}{\376\377\000L\000e\000\040\000f\000u\000t\000u\000r\000e\000\040\000d\000u\000\040\000B\000i\000g\000\040\000D\000a\000t\000a}{section.1.10}% 35
\BOOKMARK [0][-]{chapter.2}{\376\377\000L\000e\000\040\000c\000l\000o\000u\000d\000\040\000c\000o\000m\000p\000u\000t\000i\000n\000g\000\040\000:}{part.1}% 36
